2022-04-22 23:36:47,658 DEBUG urllib3.connectionpool Starting new HTTPS connection (1): en.wikipedia.org:443
2022-04-22 23:36:48,126 DEBUG urllib3.connectionpool https://en.wikipedia.org:443 "GET /w/api.php?titles=Leptopsaltria&prop=links&pllimit=500&plnamespace=0&continue=&formatversion=2&action=query&format=json&maxlag=5 HTTP/1.1" 200 828
2022-04-22 23:36:48,432 DEBUG urllib3.connectionpool https://en.wikipedia.org:443 "GET /w/api.php?titles=Animal&prop=links&pllimit=500&plnamespace=0&continue=&formatversion=2&action=query&format=json&maxlag=5 HTTP/1.1" 200 None
2022-04-22 23:36:48,638 DEBUG urllib3.connectionpool https://en.wikipedia.org:443 "GET /w/api.php?titles=Animal&prop=links&pllimit=500&plnamespace=0&continue=%7C%7C&formatversion=2&plcontinue=11039790%7C0%7CMicrognathozoa&action=query&format=json&maxlag=5 HTTP/1.1" 200 None
2022-04-22 23:36:48,914 DEBUG urllib3.connectionpool https://en.wikipedia.org:443 "GET /w/api.php?titles=Arthropod&prop=links&pllimit=500&plnamespace=0&continue=&formatversion=2&action=query&format=json&maxlag=5 HTTP/1.1" 200 None
2022-04-22 23:36:49,128 DEBUG urllib3.connectionpool https://en.wikipedia.org:443 "GET /w/api.php?titles=Arthropod&prop=links&pllimit=500&plnamespace=0&continue=%7C%7C&formatversion=2&plcontinue=19827221%7C0%7CNitrospirota&action=query&format=json&maxlag=5 HTTP/1.1" 200 None
2022-04-22 23:36:49,431 DEBUG urllib3.connectionpool https://en.wikipedia.org:443 "GET /w/api.php?titles=Asia&prop=links&pllimit=500&plnamespace=0&continue=&formatversion=2&action=query&format=json&maxlag=5 HTTP/1.1" 200 None
2022-04-22 23:36:49,746 DEBUG urllib3.connectionpool https://en.wikipedia.org:443 "GET /w/api.php?titles=Asia&prop=links&pllimit=500&plnamespace=0&continue=%7C%7C&formatversion=2&plcontinue=689%7C0%7CEber-Nari&action=query&format=json&maxlag=5 HTTP/1.1" 200 None
2022-04-22 23:36:49,983 DEBUG urllib3.connectionpool https://en.wikipedia.org:443 "GET /w/api.php?titles=Asia&prop=links&pllimit=500&plnamespace=0&continue=%7C%7C&formatversion=2&plcontinue=689%7C0%7CLoess_Plateau&action=query&format=json&maxlag=5 HTTP/1.1" 200 None
2022-04-22 23:36:50,176 DEBUG urllib3.connectionpool https://en.wikipedia.org:443 "GET /w/api.php?titles=Asia&prop=links&pllimit=500&plnamespace=0&continue=%7C%7C&formatversion=2&plcontinue=689%7C0%7CSkeleton_Coast&action=query&format=json&maxlag=5 HTTP/1.1" 200 None
2022-04-22 23:36:50,356 DEBUG urllib3.connectionpool https://en.wikipedia.org:443 "GET /w/api.php?titles=Carl+St%C3%A5l&prop=links&pllimit=500&plnamespace=0&continue=&formatversion=2&action=query&format=json&maxlag=5 HTTP/1.1" 200 365
2022-04-22 23:36:50,655 DEBUG urllib3.connectionpool https://en.wikipedia.org:443 "GET /w/api.php?titles=Cicada&prop=links&pllimit=500&plnamespace=0&continue=&formatversion=2&action=query&format=json&maxlag=5 HTTP/1.1" 200 None
2022-04-22 23:36:50,858 DEBUG urllib3.connectionpool https://en.wikipedia.org:443 "GET /w/api.php?titles=Cicada&prop=links&pllimit=500&plnamespace=0&continue=%7C%7C&formatversion=2&plcontinue=54592%7C0%7CNogodinidae&action=query&format=json&maxlag=5 HTTP/1.1" 200 None
2022-04-22 23:36:51,063 DEBUG urllib3.connectionpool https://en.wikipedia.org:443 "GET /w/api.php?titles=Cicadidae&prop=links&pllimit=500&plnamespace=0&continue=&formatversion=2&action=query&format=json&maxlag=5 HTTP/1.1" 200 None
2022-04-22 23:36:51,254 DEBUG urllib3.connectionpool https://en.wikipedia.org:443 "GET /w/api.php?titles=Cicadinae&prop=links&pllimit=500&plnamespace=0&continue=&formatversion=2&action=query&format=json&maxlag=5 HTTP/1.1" 200 None
2022-04-22 23:36:51,455 DEBUG urllib3.connectionpool https://en.wikipedia.org:443 "GET /w/api.php?titles=Global+Biodiversity+Information+Facility&prop=links&pllimit=500&plnamespace=0&continue=&formatversion=2&action=query&format=json&maxlag=5 HTTP/1.1" 200 449
2022-04-22 23:36:51,730 DEBUG urllib3.connectionpool https://en.wikipedia.org:443 "GET /w/api.php?titles=Hemiptera&prop=links&pllimit=500&plnamespace=0&continue=&formatversion=2&action=query&format=json&maxlag=5 HTTP/1.1" 200 None
2022-04-22 23:36:51,949 DEBUG urllib3.connectionpool https://en.wikipedia.org:443 "GET /w/api.php?titles=Hemiptera&prop=links&pllimit=500&plnamespace=0&continue=%7C%7C&formatversion=2&plcontinue=207600%7C0%7CTraumatic_insemination&action=query&format=json&maxlag=5 HTTP/1.1" 200 363
2022-04-22 23:36:52,158 DEBUG urllib3.connectionpool https://en.wikipedia.org:443 "GET /w/api.php?titles=Insect&prop=links&pllimit=500&plnamespace=0&continue=&formatversion=2&action=query&format=json&maxlag=5 HTTP/1.1" 200 None
2022-04-22 23:36:52,354 DEBUG urllib3.connectionpool https://en.wikipedia.org:443 "GET /w/api.php?titles=Insect&prop=links&pllimit=500&plnamespace=0&continue=%7C%7C&formatversion=2&plcontinue=23366462%7C0%7CNature_%28journal%29&action=query&format=json&maxlag=5 HTTP/1.1" 200 None
2022-04-22 23:36:52,559 DEBUG urllib3.connectionpool https://en.wikipedia.org:443 "GET /w/api.php?titles=Interim+Register+of+Marine+and+Nonmarine+Genera&prop=links&pllimit=500&plnamespace=0&continue=&formatversion=2&action=query&format=json&maxlag=5 HTTP/1.1" 200 None
2022-04-22 23:36:52,756 DEBUG urllib3.connectionpool https://en.wikipedia.org:443 "GET /w/api.php?titles=Leptopsaltria+andamanensis&prop=links&pllimit=500&plnamespace=0&continue=&formatversion=2&action=query&format=json&maxlag=5 HTTP/1.1" 200 103
2022-04-22 23:36:52,757 ERROR __main__ 'AttrDict' object has no attribute 'links'
2022-04-22 23:36:52,957 DEBUG urllib3.connectionpool https://en.wikipedia.org:443 "GET /w/api.php?titles=Leptopsaltria+phra&prop=links&pllimit=500&plnamespace=0&continue=&formatversion=2&action=query&format=json&maxlag=5 HTTP/1.1" 200 95
2022-04-22 23:36:52,958 ERROR __main__ 'AttrDict' object has no attribute 'links'
2022-04-22 23:36:53,155 DEBUG urllib3.connectionpool https://en.wikipedia.org:443 "GET /w/api.php?titles=Leptopsaltria+samia&prop=links&pllimit=500&plnamespace=0&continue=&formatversion=2&action=query&format=json&maxlag=5 HTTP/1.1" 200 96
2022-04-22 23:36:53,157 ERROR __main__ 'AttrDict' object has no attribute 'links'
2022-04-22 23:36:53,354 DEBUG urllib3.connectionpool https://en.wikipedia.org:443 "GET /w/api.php?titles=Leptopsaltria+tuberosa&prop=links&pllimit=500&plnamespace=0&continue=&formatversion=2&action=query&format=json&maxlag=5 HTTP/1.1" 200 99
2022-04-22 23:36:53,355 ERROR __main__ 'AttrDict' object has no attribute 'links'
2022-04-22 23:36:53,575 DEBUG urllib3.connectionpool https://en.wikipedia.org:443 "GET /w/api.php?titles=Leptopsaltriini&prop=links&pllimit=500&plnamespace=0&continue=&formatversion=2&action=query&format=json&maxlag=5 HTTP/1.1" 200 460
2022-04-22 23:36:53,789 DEBUG urllib3.connectionpool https://en.wikipedia.org:443 "GET /w/api.php?titles=Taxonomy+%28biology%29&prop=links&pllimit=500&plnamespace=0&continue=&formatversion=2&action=query&format=json&maxlag=5 HTTP/1.1" 200 None
2022-04-22 23:36:53,998 DEBUG urllib3.connectionpool https://en.wikipedia.org:443 "GET /w/api.php?titles=Victor+Antoine+Signoret&prop=links&pllimit=500&plnamespace=0&continue=&formatversion=2&action=query&format=json&maxlag=5 HTTP/1.1" 200 774
2022-04-22 23:36:54,208 DEBUG urllib3.connectionpool https://en.wikipedia.org:443 "GET /w/api.php?titles=Wikidata&prop=links&pllimit=500&plnamespace=0&continue=&formatversion=2&action=query&format=json&maxlag=5 HTTP/1.1" 200 None
2022-04-22 23:36:54,409 DEBUG urllib3.connectionpool https://en.wikipedia.org:443 "GET /w/api.php?titles=William+Lucas+Distant&prop=links&pllimit=500&plnamespace=0&continue=&formatversion=2&action=query&format=json&maxlag=5 HTTP/1.1" 200 435
